TN:
SF:src\array.js
FN:4,primeNumber
FN:16,averageOfArr
FNF:2
FNH:2
FNDA:1,primeNumber
FNDA:1,averageOfArr
DA:1,1
DA:2,1
DA:7,1
DA:8,1
DA:9,1
DA:10,0
DA:14,1
DA:18,1
DA:19,1
DA:20,13
DA:22,1
DA:26,1
LF:12
LH:11
BRDA:8,0,0,1
BRDA:8,0,1,0
BRF:2
BRH:1
end_of_record
TN:
SF:src\math.js
FN:1,add
FN:5,subtract
FNF:2
FNH:2
FNDA:1,add
FNDA:1,subtract
DA:2,1
DA:6,1
DA:9,1
LF:3
LH:3
BRF:0
BRH:0
end_of_record
TN:
SF:src\number.js
FN:1,even
FNF:1
FNH:1
FNDA:1,even
DA:2,1
DA:3,1
DA:7,1
LF:3
LH:3
BRDA:2,0,0,1
BRDA:2,0,1,0
BRF:2
BRH:1
end_of_record
TN:
SF:src\object.js
FN:6,checkAt
FNF:1
FNH:1
FNDA:1,checkAt
DA:1,1
DA:7,1
DA:8,1
DA:9,0
DA:12,1
DA:14,1
LF:6
LH:5
BRDA:7,0,0,1
BRDA:7,0,1,0
BRF:2
BRH:1
end_of_record
