TN:
SF:src\array.js
FN:4,primeNumber
FN:13,averageOfArr
FNF:2
FNH:2
FNDA:1,primeNumber
FNDA:1,averageOfArr
DA:2,1
DA:3,1
DA:5,1
DA:6,1
DA:7,1
DA:8,0
DA:12,1
DA:14,1
DA:15,1
DA:16,13
DA:18,1
DA:21,1
LF:12
LH:11
BRDA:6,0,0,1
BRDA:6,0,1,0
BRDA:6,1,0,1
BRDA:6,1,1,1
BRF:4
BRH:3
end_of_record
TN:
SF:src\math.js
FN:1,add
FN:5,subtract
FNF:2
FNH:2
FNDA:1,add
FNDA:1,subtract
DA:2,1
DA:6,1
DA:9,1
LF:3
LH:3
BRF:0
BRH:0
end_of_record
TN:
SF:src\number.js
FN:1,even
FNF:1
FNH:1
FNDA:1,even
DA:2,1
DA:3,1
DA:7,1
LF:3
LH:3
BRDA:2,0,0,1
BRDA:2,0,1,0
BRF:2
BRH:1
end_of_record
TN:
SF:src\object.js
FN:6,checkAt
FNF:1
FNH:1
FNDA:1,checkAt
DA:1,1
DA:7,1
DA:8,1
DA:9,0
DA:12,1
DA:14,1
LF:6
LH:5
BRDA:7,0,0,1
BRDA:7,0,1,0
BRF:2
BRH:1
end_of_record
